  main.cpp
C:\Users\noradenshi\source\repos\flappy_bird\flappy_bird\main.cpp(32,14): warning C4244: '=': conversion from 'float' to 'T', possible loss of data
          with
          [
              T=int
          ]
C:\Users\noradenshi\source\repos\flappy_bird\flappy_bird\main.cpp(33,19): warning C4244: '-=': conversion from 'float' to 'T', possible loss of data
          with
          [
              T=int
          ]
C:\Users\noradenshi\source\repos\flappy_bird\flappy_bird\main.cpp(42,12): warning C4244: 'argument': conversion from 'time_t' to 'unsigned int', possible loss of data
C:\Users\noradenshi\source\repos\flappy_bird\flappy_bird\main.cpp(58,35): warning C4244: 'argument': conversion from 'T' to 'T', possible loss of data
          with
          [
              T=int
          ]
          and
          [
              T=float
          ]
C:\Users\noradenshi\source\repos\flappy_bird\flappy_bird\main.cpp(58,87): warning C4244: 'argument': conversion from 'T' to 'T', possible loss of data
          with
          [
              T=int
          ]
          and
          [
              T=float
          ]
C:\Users\noradenshi\source\repos\flappy_bird\flappy_bird\main.cpp(58,76): warning C4244: 'argument': conversion from 'int' to 'T', possible loss of data
          with
          [
              T=float
          ]
C:\Users\noradenshi\source\repos\flappy_bird\flappy_bird\main.cpp(59,60): warning C4244: 'argument': conversion from 'int' to 'T', possible loss of data
          with
          [
              T=float
          ]
C:\Users\noradenshi\source\repos\flappy_bird\flappy_bird\main.cpp(59,48): warning C4244: 'argument': conversion from 'int' to 'T', possible loss of data
          with
          [
              T=float
          ]
C:\Users\noradenshi\source\repos\flappy_bird\flappy_bird\main.cpp(60,43): warning C4244: 'argument': conversion from 'int' to 'T', possible loss of data
          with
          [
              T=float
          ]
C:\Users\noradenshi\source\repos\flappy_bird\flappy_bird\main.cpp(69,42): warning C4244: 'argument': conversion from 'int' to 'float', possible loss of data
C:\Users\noradenshi\source\repos\flappy_bird\flappy_bird\main.cpp(69,28): warning C4244: 'argument': conversion from 'int' to 'float', possible loss of data
C:\Users\noradenshi\source\repos\flappy_bird\flappy_bird\main.cpp(70,33): warning C4244: 'argument': conversion from 'T' to 'float', possible loss of data
          with
          [
              T=int
          ]
C:\Users\noradenshi\source\repos\flappy_bird\flappy_bird\main.cpp(70,23): warning C4244: 'argument': conversion from 'T' to 'float', possible loss of data
          with
          [
              T=int
          ]
C:\Users\noradenshi\source\repos\flappy_bird\flappy_bird\main.cpp(73,30): warning C4305: 'initializing': truncation from 'double' to 'float'
C:\Users\noradenshi\source\repos\flappy_bird\flappy_bird\main.cpp(182,14): warning C4244: 'initializing': conversion from 'float' to 'int', possible loss of data
C:\Users\noradenshi\source\repos\flappy_bird\flappy_bird\main.cpp(184,38): warning C4244: '=': conversion from 'float' to 'int', possible loss of data
  flappy_bird.vcxproj -> C:\Users\noradenshi\source\repos\flappy_bird\Debug\flappy_bird.exe
